<?xml version="1.0" encoding="UTF-8"?><testrun name="CompilerTest" project="Compiler" tests="295" started="295" failures="0" errors="2" ignored="0">
  <testsuite name="test.CompilerTest" time="3.658">
    <testsuite name="[0]" time="0.127">
      <testcase name="assertCodeEqualsExpected[0]" classname="test.CompilerTest" time="0.118"/>
      <testcase name="compilingCode_throwsUndeclaredVariableExCeption[0]" classname="test.CompilerTest" time="0.003"/>
      <testcase name="compilingCode_throwsDoubledVariableException[0]" classname="test.CompilerTest" time="0.003"/>
      <testcase name="compilingCode_throwsDoubledFunctionException[0]" classname="test.CompilerTest" time="0.002"/>
      <testcase name="compilingCode_throwsUndefinedFunctionException[0]" classname="test.CompilerTest" time="0.001"/>
    </testsuite>
    <testsuite name="[1]" time="0.063">
      <testcase name="assertCodeEqualsExpected[1]" classname="test.CompilerTest" time="0.06"/>
      <testcase name="compilingCode_throwsUndeclaredVariableExCeption[1]" classname="test.CompilerTest" time="0.001"/>
      <testcase name="compilingCode_throwsDoubledVariableException[1]" classname="test.CompilerTest" time="0.0"/>
      <testcase name="compilingCode_throwsDoubledFunctionException[1]" classname="test.CompilerTest" time="0.002"/>
      <testcase name="compilingCode_throwsUndefinedFunctionException[1]" classname="test.CompilerTest" time="0.0"/>
    </testsuite>
    <testsuite name="[2]" time="0.068">
      <testcase name="assertCodeEqualsExpected[2]" classname="test.CompilerTest" time="0.065"/>
      <testcase name="compilingCode_throwsUndeclaredVariableExCeption[2]" classname="test.CompilerTest" time="0.0"/>
      <testcase name="compilingCode_throwsDoubledVariableException[2]" classname="test.CompilerTest" time="0.001"/>
      <testcase name="compilingCode_throwsDoubledFunctionException[2]" classname="test.CompilerTest" time="0.001"/>
      <testcase name="compilingCode_throwsUndefinedFunctionException[2]" classname="test.CompilerTest" time="0.001"/>
    </testsuite>
    <testsuite name="[3]" time="0.06">
      <testcase name="assertCodeEqualsExpected[3]" classname="test.CompilerTest" time="0.058"/>
      <testcase name="compilingCode_throwsUndeclaredVariableExCeption[3]" classname="test.CompilerTest" time="0.0"/>
      <testcase name="compilingCode_throwsDoubledVariableException[3]" classname="test.CompilerTest" time="0.001"/>
      <testcase name="compilingCode_throwsDoubledFunctionException[3]" classname="test.CompilerTest" time="0.001"/>
      <testcase name="compilingCode_throwsUndefinedFunctionException[3]" classname="test.CompilerTest" time="0.0"/>
    </testsuite>
    <testsuite name="[4]" time="0.069">
      <testcase name="assertCodeEqualsExpected[4]" classname="test.CompilerTest" time="0.069"/>
      <testcase name="compilingCode_throwsUndeclaredVariableExCeption[4]" classname="test.CompilerTest" time="0.0"/>
      <testcase name="compilingCode_throwsDoubledVariableException[4]" classname="test.CompilerTest" time="0.0"/>
      <testcase name="compilingCode_throwsDoubledFunctionException[4]" classname="test.CompilerTest" time="0.0"/>
      <testcase name="compilingCode_throwsUndefinedFunctionException[4]" classname="test.CompilerTest" time="0.0"/>
    </testsuite>
    <testsuite name="[5]" time="0.066">
      <testcase name="assertCodeEqualsExpected[5]" classname="test.CompilerTest" time="0.064"/>
      <testcase name="compilingCode_throwsUndeclaredVariableExCeption[5]" classname="test.CompilerTest" time="0.0"/>
      <testcase name="compilingCode_throwsDoubledVariableException[5]" classname="test.CompilerTest" time="0.001"/>
      <testcase name="compilingCode_throwsDoubledFunctionException[5]" classname="test.CompilerTest" time="0.0"/>
      <testcase name="compilingCode_throwsUndefinedFunctionException[5]" classname="test.CompilerTest" time="0.001"/>
    </testsuite>
    <testsuite name="[6]" time="0.058">
      <testcase name="assertCodeEqualsExpected[6]" classname="test.CompilerTest" time="0.056"/>
      <testcase name="compilingCode_throwsUndeclaredVariableExCeption[6]" classname="test.CompilerTest" time="0.0"/>
      <testcase name="compilingCode_throwsDoubledVariableException[6]" classname="test.CompilerTest" time="0.001"/>
      <testcase name="compilingCode_throwsDoubledFunctionException[6]" classname="test.CompilerTest" time="0.001"/>
      <testcase name="compilingCode_throwsUndefinedFunctionException[6]" classname="test.CompilerTest" time="0.0"/>
    </testsuite>
    <testsuite name="[7]" time="0.06">
      <testcase name="assertCodeEqualsExpected[7]" classname="test.CompilerTest" time="0.058"/>
      <testcase name="compilingCode_throwsUndeclaredVariableExCeption[7]" classname="test.CompilerTest" time="0.001"/>
      <testcase name="compilingCode_throwsDoubledVariableException[7]" classname="test.CompilerTest" time="0.0"/>
      <testcase name="compilingCode_throwsDoubledFunctionException[7]" classname="test.CompilerTest" time="0.001"/>
      <testcase name="compilingCode_throwsUndefinedFunctionException[7]" classname="test.CompilerTest" time="0.0"/>
    </testsuite>
    <testsuite name="[8]" time="0.064">
      <testcase name="assertCodeEqualsExpected[8]" classname="test.CompilerTest" time="0.062"/>
      <testcase name="compilingCode_throwsUndeclaredVariableExCeption[8]" classname="test.CompilerTest" time="0.0"/>
      <testcase name="compilingCode_throwsDoubledVariableException[8]" classname="test.CompilerTest" time="0.001"/>
      <testcase name="compilingCode_throwsDoubledFunctionException[8]" classname="test.CompilerTest" time="0.0"/>
      <testcase name="compilingCode_throwsUndefinedFunctionException[8]" classname="test.CompilerTest" time="0.001"/>
    </testsuite>
    <testsuite name="[9]" time="0.061">
      <testcase name="assertCodeEqualsExpected[9]" classname="test.CompilerTest" time="0.058"/>
      <testcase name="compilingCode_throwsUndeclaredVariableExCeption[9]" classname="test.CompilerTest" time="0.001"/>
      <testcase name="compilingCode_throwsDoubledVariableException[9]" classname="test.CompilerTest" time="0.0"/>
      <testcase name="compilingCode_throwsDoubledFunctionException[9]" classname="test.CompilerTest" time="0.001"/>
      <testcase name="compilingCode_throwsUndefinedFunctionException[9]" classname="test.CompilerTest" time="0.001"/>
    </testsuite>
    <testsuite name="[10]" time="0.059">
      <testcase name="assertCodeEqualsExpected[10]" classname="test.CompilerTest" time="0.057"/>
      <testcase name="compilingCode_throwsUndeclaredVariableExCeption[10]" classname="test.CompilerTest" time="0.001"/>
      <testcase name="compilingCode_throwsDoubledVariableException[10]" classname="test.CompilerTest" time="0.0"/>
      <testcase name="compilingCode_throwsDoubledFunctionException[10]" classname="test.CompilerTest" time="0.001"/>
      <testcase name="compilingCode_throwsUndefinedFunctionException[10]" classname="test.CompilerTest" time="0.0"/>
    </testsuite>
    <testsuite name="[11]" time="0.062">
      <testcase name="assertCodeEqualsExpected[11]" classname="test.CompilerTest" time="0.06"/>
      <testcase name="compilingCode_throwsUndeclaredVariableExCeption[11]" classname="test.CompilerTest" time="0.0"/>
      <testcase name="compilingCode_throwsDoubledVariableException[11]" classname="test.CompilerTest" time="0.0"/>
      <testcase name="compilingCode_throwsDoubledFunctionException[11]" classname="test.CompilerTest" time="0.001"/>
      <testcase name="compilingCode_throwsUndefinedFunctionException[11]" classname="test.CompilerTest" time="0.0"/>
    </testsuite>
    <testsuite name="[12]" time="0.061">
      <testcase name="assertCodeEqualsExpected[12]" classname="test.CompilerTest" time="0.06"/>
      <testcase name="compilingCode_throwsUndeclaredVariableExCeption[12]" classname="test.CompilerTest" time="0.0"/>
      <testcase name="compilingCode_throwsDoubledVariableException[12]" classname="test.CompilerTest" time="0.001"/>
      <testcase name="compilingCode_throwsDoubledFunctionException[12]" classname="test.CompilerTest" time="0.0"/>
      <testcase name="compilingCode_throwsUndefinedFunctionException[12]" classname="test.CompilerTest" time="0.0"/>
    </testsuite>
    <testsuite name="[13]" time="0.063">
      <testcase name="assertCodeEqualsExpected[13]" classname="test.CompilerTest" time="0.062"/>
      <testcase name="compilingCode_throwsUndeclaredVariableExCeption[13]" classname="test.CompilerTest" time="0.0"/>
      <testcase name="compilingCode_throwsDoubledVariableException[13]" classname="test.CompilerTest" time="0.001"/>
      <testcase name="compilingCode_throwsDoubledFunctionException[13]" classname="test.CompilerTest" time="0.0"/>
      <testcase name="compilingCode_throwsUndefinedFunctionException[13]" classname="test.CompilerTest" time="0.0"/>
    </testsuite>
    <testsuite name="[14]" time="0.059">
      <testcase name="assertCodeEqualsExpected[14]" classname="test.CompilerTest" time="0.057"/>
      <testcase name="compilingCode_throwsUndeclaredVariableExCeption[14]" classname="test.CompilerTest" time="0.001"/>
      <testcase name="compilingCode_throwsDoubledVariableException[14]" classname="test.CompilerTest" time="0.0"/>
      <testcase name="compilingCode_throwsDoubledFunctionException[14]" classname="test.CompilerTest" time="0.001"/>
      <testcase name="compilingCode_throwsUndefinedFunctionException[14]" classname="test.CompilerTest" time="0.0"/>
    </testsuite>
    <testsuite name="[15]" time="0.064">
      <testcase name="assertCodeEqualsExpected[15]" classname="test.CompilerTest" time="0.06"/>
      <testcase name="compilingCode_throwsUndeclaredVariableExCeption[15]" classname="test.CompilerTest" time="0.001"/>
      <testcase name="compilingCode_throwsDoubledVariableException[15]" classname="test.CompilerTest" time="0.001"/>
      <testcase name="compilingCode_throwsDoubledFunctionException[15]" classname="test.CompilerTest" time="0.001"/>
      <testcase name="compilingCode_throwsUndefinedFunctionException[15]" classname="test.CompilerTest" time="0.001"/>
    </testsuite>
    <testsuite name="[16]" time="0.065">
      <testcase name="assertCodeEqualsExpected[16]" classname="test.CompilerTest" time="0.063"/>
      <testcase name="compilingCode_throwsUndeclaredVariableExCeption[16]" classname="test.CompilerTest" time="0.001"/>
      <testcase name="compilingCode_throwsDoubledVariableException[16]" classname="test.CompilerTest" time="0.0"/>
      <testcase name="compilingCode_throwsDoubledFunctionException[16]" classname="test.CompilerTest" time="0.001"/>
      <testcase name="compilingCode_throwsUndefinedFunctionException[16]" classname="test.CompilerTest" time="0.0"/>
    </testsuite>
    <testsuite name="[17]" time="0.059">
      <testcase name="assertCodeEqualsExpected[17]" classname="test.CompilerTest" time="0.057"/>
      <testcase name="compilingCode_throwsUndeclaredVariableExCeption[17]" classname="test.CompilerTest" time="0.001"/>
      <testcase name="compilingCode_throwsDoubledVariableException[17]" classname="test.CompilerTest" time="0.0"/>
      <testcase name="compilingCode_throwsDoubledFunctionException[17]" classname="test.CompilerTest" time="0.001"/>
      <testcase name="compilingCode_throwsUndefinedFunctionException[17]" classname="test.CompilerTest" time="0.0"/>
    </testsuite>
    <testsuite name="[18]" time="0.058">
      <testcase name="assertCodeEqualsExpected[18]" classname="test.CompilerTest" time="0.056"/>
      <testcase name="compilingCode_throwsUndeclaredVariableExCeption[18]" classname="test.CompilerTest" time="0.001"/>
      <testcase name="compilingCode_throwsDoubledVariableException[18]" classname="test.CompilerTest" time="0.0"/>
      <testcase name="compilingCode_throwsDoubledFunctionException[18]" classname="test.CompilerTest" time="0.0"/>
      <testcase name="compilingCode_throwsUndefinedFunctionException[18]" classname="test.CompilerTest" time="0.001"/>
    </testsuite>
    <testsuite name="[19]" time="0.09">
      <testcase name="assertCodeEqualsExpected[19]" classname="test.CompilerTest" time="0.087"/>
      <testcase name="compilingCode_throwsUndeclaredVariableExCeption[19]" classname="test.CompilerTest" time="0.001"/>
      <testcase name="compilingCode_throwsDoubledVariableException[19]" classname="test.CompilerTest" time="0.001"/>
      <testcase name="compilingCode_throwsDoubledFunctionException[19]" classname="test.CompilerTest" time="0.0"/>
      <testcase name="compilingCode_throwsUndefinedFunctionException[19]" classname="test.CompilerTest" time="0.001"/>
    </testsuite>
    <testsuite name="[20]" time="0.064">
      <testcase name="assertCodeEqualsExpected[20]" classname="test.CompilerTest" time="0.062"/>
      <testcase name="compilingCode_throwsUndeclaredVariableExCeption[20]" classname="test.CompilerTest" time="0.001"/>
      <testcase name="compilingCode_throwsDoubledVariableException[20]" classname="test.CompilerTest" time="0.0"/>
      <testcase name="compilingCode_throwsDoubledFunctionException[20]" classname="test.CompilerTest" time="0.001"/>
      <testcase name="compilingCode_throwsUndefinedFunctionException[20]" classname="test.CompilerTest" time="0.0"/>
    </testsuite>
    <testsuite name="[21]" time="0.06">
      <testcase name="assertCodeEqualsExpected[21]" classname="test.CompilerTest" time="0.059"/>
      <testcase name="compilingCode_throwsUndeclaredVariableExCeption[21]" classname="test.CompilerTest" time="0.0"/>
      <testcase name="compilingCode_throwsDoubledVariableException[21]" classname="test.CompilerTest" time="0.001"/>
      <testcase name="compilingCode_throwsDoubledFunctionException[21]" classname="test.CompilerTest" time="0.0"/>
      <testcase name="compilingCode_throwsUndefinedFunctionException[21]" classname="test.CompilerTest" time="0.0"/>
    </testsuite>
    <testsuite name="[22]" time="0.065">
      <testcase name="assertCodeEqualsExpected[22]" classname="test.CompilerTest" time="0.063"/>
      <testcase name="compilingCode_throwsUndeclaredVariableExCeption[22]" classname="test.CompilerTest" time="0.001"/>
      <testcase name="compilingCode_throwsDoubledVariableException[22]" classname="test.CompilerTest" time="0.0"/>
      <testcase name="compilingCode_throwsDoubledFunctionException[22]" classname="test.CompilerTest" time="0.0"/>
      <testcase name="compilingCode_throwsUndefinedFunctionException[22]" classname="test.CompilerTest" time="0.0"/>
    </testsuite>
    <testsuite name="[23]" time="0.059">
      <testcase name="assertCodeEqualsExpected[23]" classname="test.CompilerTest" time="0.057"/>
      <testcase name="compilingCode_throwsUndeclaredVariableExCeption[23]" classname="test.CompilerTest" time="0.001"/>
      <testcase name="compilingCode_throwsDoubledVariableException[23]" classname="test.CompilerTest" time="0.0"/>
      <testcase name="compilingCode_throwsDoubledFunctionException[23]" classname="test.CompilerTest" time="0.0"/>
      <testcase name="compilingCode_throwsUndefinedFunctionException[23]" classname="test.CompilerTest" time="0.001"/>
    </testsuite>
    <testsuite name="[24]" time="0.061">
      <testcase name="assertCodeEqualsExpected[24]" classname="test.CompilerTest" time="0.059"/>
      <testcase name="compilingCode_throwsUndeclaredVariableExCeption[24]" classname="test.CompilerTest" time="0.001"/>
      <testcase name="compilingCode_throwsDoubledVariableException[24]" classname="test.CompilerTest" time="0.0"/>
      <testcase name="compilingCode_throwsDoubledFunctionException[24]" classname="test.CompilerTest" time="0.001"/>
      <testcase name="compilingCode_throwsUndefinedFunctionException[24]" classname="test.CompilerTest" time="0.0"/>
    </testsuite>
    <testsuite name="[25]" time="0.057">
      <testcase name="assertCodeEqualsExpected[25]" classname="test.CompilerTest" time="0.055"/>
      <testcase name="compilingCode_throwsUndeclaredVariableExCeption[25]" classname="test.CompilerTest" time="0.001"/>
      <testcase name="compilingCode_throwsDoubledVariableException[25]" classname="test.CompilerTest" time="0.0"/>
      <testcase name="compilingCode_throwsDoubledFunctionException[25]" classname="test.CompilerTest" time="0.0"/>
      <testcase name="compilingCode_throwsUndefinedFunctionException[25]" classname="test.CompilerTest" time="0.001"/>
    </testsuite>
    <testsuite name="[26]" time="0.065">
      <testcase name="assertCodeEqualsExpected[26]" classname="test.CompilerTest" time="0.064"/>
      <testcase name="compilingCode_throwsUndeclaredVariableExCeption[26]" classname="test.CompilerTest" time="0.0"/>
      <testcase name="compilingCode_throwsDoubledVariableException[26]" classname="test.CompilerTest" time="0.001"/>
      <testcase name="compilingCode_throwsDoubledFunctionException[26]" classname="test.CompilerTest" time="0.0"/>
      <testcase name="compilingCode_throwsUndefinedFunctionException[26]" classname="test.CompilerTest" time="0.0"/>
    </testsuite>
    <testsuite name="[27]" time="0.059">
      <testcase name="assertCodeEqualsExpected[27]" classname="test.CompilerTest" time="0.057"/>
      <testcase name="compilingCode_throwsUndeclaredVariableExCeption[27]" classname="test.CompilerTest" time="0.001"/>
      <testcase name="compilingCode_throwsDoubledVariableException[27]" classname="test.CompilerTest" time="0.0"/>
      <testcase name="compilingCode_throwsDoubledFunctionException[27]" classname="test.CompilerTest" time="0.001"/>
      <testcase name="compilingCode_throwsUndefinedFunctionException[27]" classname="test.CompilerTest" time="0.0"/>
    </testsuite>
    <testsuite name="[28]" time="0.064">
      <testcase name="assertCodeEqualsExpected[28]" classname="test.CompilerTest" time="0.061"/>
      <testcase name="compilingCode_throwsUndeclaredVariableExCeption[28]" classname="test.CompilerTest" time="0.0"/>
      <testcase name="compilingCode_throwsDoubledVariableException[28]" classname="test.CompilerTest" time="0.001"/>
      <testcase name="compilingCode_throwsDoubledFunctionException[28]" classname="test.CompilerTest" time="0.002"/>
      <testcase name="compilingCode_throwsUndefinedFunctionException[28]" classname="test.CompilerTest" time="0.0"/>
    </testsuite>
    <testsuite name="[29]" time="0.063">
      <testcase name="assertCodeEqualsExpected[29]" classname="test.CompilerTest" time="0.062"/>
      <testcase name="compilingCode_throwsUndeclaredVariableExCeption[29]" classname="test.CompilerTest" time="0.0"/>
      <testcase name="compilingCode_throwsDoubledVariableException[29]" classname="test.CompilerTest" time="0.001"/>
      <testcase name="compilingCode_throwsDoubledFunctionException[29]" classname="test.CompilerTest" time="0.0"/>
      <testcase name="compilingCode_throwsUndefinedFunctionException[29]" classname="test.CompilerTest" time="0.0"/>
    </testsuite>
    <testsuite name="[30]" time="0.063">
      <testcase name="assertCodeEqualsExpected[30]" classname="test.CompilerTest" time="0.062"/>
      <testcase name="compilingCode_throwsUndeclaredVariableExCeption[30]" classname="test.CompilerTest" time="0.0"/>
      <testcase name="compilingCode_throwsDoubledVariableException[30]" classname="test.CompilerTest" time="0.001"/>
      <testcase name="compilingCode_throwsDoubledFunctionException[30]" classname="test.CompilerTest" time="0.0"/>
      <testcase name="compilingCode_throwsUndefinedFunctionException[30]" classname="test.CompilerTest" time="0.0"/>
    </testsuite>
    <testsuite name="[31]" time="0.062">
      <testcase name="assertCodeEqualsExpected[31]" classname="test.CompilerTest" time="0.059"/>
      <testcase name="compilingCode_throwsUndeclaredVariableExCeption[31]" classname="test.CompilerTest" time="0.001"/>
      <testcase name="compilingCode_throwsDoubledVariableException[31]" classname="test.CompilerTest" time="0.0"/>
      <testcase name="compilingCode_throwsDoubledFunctionException[31]" classname="test.CompilerTest" time="0.001"/>
      <testcase name="compilingCode_throwsUndefinedFunctionException[31]" classname="test.CompilerTest" time="0.001"/>
    </testsuite>
    <testsuite name="[32]" time="0.068">
      <testcase name="assertCodeEqualsExpected[32]" classname="test.CompilerTest" time="0.066"/>
      <testcase name="compilingCode_throwsUndeclaredVariableExCeption[32]" classname="test.CompilerTest" time="0.0"/>
      <testcase name="compilingCode_throwsDoubledVariableException[32]" classname="test.CompilerTest" time="0.001"/>
      <testcase name="compilingCode_throwsDoubledFunctionException[32]" classname="test.CompilerTest" time="0.0"/>
      <testcase name="compilingCode_throwsUndefinedFunctionException[32]" classname="test.CompilerTest" time="0.0"/>
    </testsuite>
    <testsuite name="[33]" time="0.061">
      <testcase name="assertCodeEqualsExpected[33]" classname="test.CompilerTest" time="0.059"/>
      <testcase name="compilingCode_throwsUndeclaredVariableExCeption[33]" classname="test.CompilerTest" time="0.001"/>
      <testcase name="compilingCode_throwsDoubledVariableException[33]" classname="test.CompilerTest" time="0.0"/>
      <testcase name="compilingCode_throwsDoubledFunctionException[33]" classname="test.CompilerTest" time="0.001"/>
      <testcase name="compilingCode_throwsUndefinedFunctionException[33]" classname="test.CompilerTest" time="0.0"/>
    </testsuite>
    <testsuite name="[34]" time="0.066">
      <testcase name="assertCodeEqualsExpected[34]" classname="test.CompilerTest" time="0.064"/>
      <testcase name="compilingCode_throwsUndeclaredVariableExCeption[34]" classname="test.CompilerTest" time="0.001"/>
      <testcase name="compilingCode_throwsDoubledVariableException[34]" classname="test.CompilerTest" time="0.0"/>
      <testcase name="compilingCode_throwsDoubledFunctionException[34]" classname="test.CompilerTest" time="0.0"/>
      <testcase name="compilingCode_throwsUndefinedFunctionException[34]" classname="test.CompilerTest" time="0.001"/>
    </testsuite>
    <testsuite name="[35]" time="0.061">
      <testcase name="assertCodeEqualsExpected[35]" classname="test.CompilerTest" time="0.06"/>
      <testcase name="compilingCode_throwsUndeclaredVariableExCeption[35]" classname="test.CompilerTest" time="0.0"/>
      <testcase name="compilingCode_throwsDoubledVariableException[35]" classname="test.CompilerTest" time="0.0"/>
      <testcase name="compilingCode_throwsDoubledFunctionException[35]" classname="test.CompilerTest" time="0.001"/>
      <testcase name="compilingCode_throwsUndefinedFunctionException[35]" classname="test.CompilerTest" time="0.0"/>
    </testsuite>
    <testsuite name="[36]" time="0.061">
      <testcase name="assertCodeEqualsExpected[36]" classname="test.CompilerTest" time="0.059"/>
      <testcase name="compilingCode_throwsUndeclaredVariableExCeption[36]" classname="test.CompilerTest" time="0.001"/>
      <testcase name="compilingCode_throwsDoubledVariableException[36]" classname="test.CompilerTest" time="0.0"/>
      <testcase name="compilingCode_throwsDoubledFunctionException[36]" classname="test.CompilerTest" time="0.001"/>
      <testcase name="compilingCode_throwsUndefinedFunctionException[36]" classname="test.CompilerTest" time="0.0"/>
    </testsuite>
    <testsuite name="[37]" time="0.068">
      <testcase name="assertCodeEqualsExpected[37]" classname="test.CompilerTest" time="0.066"/>
      <testcase name="compilingCode_throwsUndeclaredVariableExCeption[37]" classname="test.CompilerTest" time="0.001"/>
      <testcase name="compilingCode_throwsDoubledVariableException[37]" classname="test.CompilerTest" time="0.0"/>
      <testcase name="compilingCode_throwsDoubledFunctionException[37]" classname="test.CompilerTest" time="0.0"/>
      <testcase name="compilingCode_throwsUndefinedFunctionException[37]" classname="test.CompilerTest" time="0.001"/>
    </testsuite>
    <testsuite name="[38]" time="0.112">
      <testcase name="assertCodeEqualsExpected[38]" classname="test.CompilerTest" time="0.068"/>
      <testcase name="compilingCode_throwsUndeclaredVariableExCeption[38]" classname="test.CompilerTest" time="0.0"/>
      <testcase name="compilingCode_throwsDoubledVariableException[38]" classname="test.CompilerTest" time="0.001"/>
      <testcase name="compilingCode_throwsDoubledFunctionException[38]" classname="test.CompilerTest" time="0.042"/>
      <testcase name="compilingCode_throwsUndefinedFunctionException[38]" classname="test.CompilerTest" time="0.0"/>
    </testsuite>
    <testsuite name="[39]" time="0.058">
      <testcase name="assertCodeEqualsExpected[39]" classname="test.CompilerTest" time="0.056"/>
      <testcase name="compilingCode_throwsUndeclaredVariableExCeption[39]" classname="test.CompilerTest" time="0.001"/>
      <testcase name="compilingCode_throwsDoubledVariableException[39]" classname="test.CompilerTest" time="0.0"/>
      <testcase name="compilingCode_throwsDoubledFunctionException[39]" classname="test.CompilerTest" time="0.001"/>
      <testcase name="compilingCode_throwsUndefinedFunctionException[39]" classname="test.CompilerTest" time="0.0"/>
    </testsuite>
    <testsuite name="[40]" time="0.063">
      <testcase name="assertCodeEqualsExpected[40]" classname="test.CompilerTest" time="0.062"/>
      <testcase name="compilingCode_throwsUndeclaredVariableExCeption[40]" classname="test.CompilerTest" time="0.0"/>
      <testcase name="compilingCode_throwsDoubledVariableException[40]" classname="test.CompilerTest" time="0.001"/>
      <testcase name="compilingCode_throwsDoubledFunctionException[40]" classname="test.CompilerTest" time="0.0"/>
      <testcase name="compilingCode_throwsUndefinedFunctionException[40]" classname="test.CompilerTest" time="0.0"/>
    </testsuite>
    <testsuite name="[41]" time="0.064">
      <testcase name="assertCodeEqualsExpected[41]" classname="test.CompilerTest" time="0.059"/>
      <testcase name="compilingCode_throwsUndeclaredVariableExCeption[41]" classname="test.CompilerTest" time="0.0"/>
      <testcase name="compilingCode_throwsDoubledVariableException[41]" classname="test.CompilerTest" time="0.001"/>
      <testcase name="compilingCode_throwsDoubledFunctionException[41]" classname="test.CompilerTest" time="0.0"/>
      <testcase name="compilingCode_throwsUndefinedFunctionException[41]" classname="test.CompilerTest" time="0.004"/>
    </testsuite>
    <testsuite name="[42]" time="0.057">
      <testcase name="assertCodeEqualsExpected[42]" classname="test.CompilerTest" time="0.055"/>
      <testcase name="compilingCode_throwsUndeclaredVariableExCeption[42]" classname="test.CompilerTest" time="0.001"/>
      <testcase name="compilingCode_throwsDoubledVariableException[42]" classname="test.CompilerTest" time="0.0"/>
      <testcase name="compilingCode_throwsDoubledFunctionException[42]" classname="test.CompilerTest" time="0.0"/>
      <testcase name="compilingCode_throwsUndefinedFunctionException[42]" classname="test.CompilerTest" time="0.001"/>
    </testsuite>
    <testsuite name="[43]" time="0.059">
      <testcase name="assertCodeEqualsExpected[43]" classname="test.CompilerTest" time="0.057"/>
      <testcase name="compilingCode_throwsUndeclaredVariableExCeption[43]" classname="test.CompilerTest" time="0.0"/>
      <testcase name="compilingCode_throwsDoubledVariableException[43]" classname="test.CompilerTest" time="0.001"/>
      <testcase name="compilingCode_throwsDoubledFunctionException[43]" classname="test.CompilerTest" time="0.0"/>
      <testcase name="compilingCode_throwsUndefinedFunctionException[43]" classname="test.CompilerTest" time="0.001"/>
    </testsuite>
    <testsuite name="[44]" time="0.064">
      <testcase name="assertCodeEqualsExpected[44]" classname="test.CompilerTest" time="0.063"/>
      <testcase name="compilingCode_throwsUndeclaredVariableExCeption[44]" classname="test.CompilerTest" time="0.0"/>
      <testcase name="compilingCode_throwsDoubledVariableException[44]" classname="test.CompilerTest" time="0.001"/>
      <testcase name="compilingCode_throwsDoubledFunctionException[44]" classname="test.CompilerTest" time="0.0"/>
      <testcase name="compilingCode_throwsUndefinedFunctionException[44]" classname="test.CompilerTest" time="0.0"/>
    </testsuite>
    <testsuite name="[45]" time="0.005">
      <testcase name="assertCodeEqualsExpected[45]" classname="test.CompilerTest" time="0.005">
        <error>de.letsbuildacompiler.exceptions.UndefinedFunctionException: 1:40 undeclared function &lt;square(int)&gt;
	at de.letsbuildacompiler.compiler.MyVisitor.visitFunctionCall(MyVisitor.java:1187)
	at de.letsbuildacompiler.compiler.MyVisitor.visitFunctionCall(MyVisitor.java:1)
	at de.letsbuildacompiler.parser.DemoParser$FunctionCallContext.accept(DemoParser.java:2549)
	at org.antlr.v4.runtime.tree.AbstractParseTreeVisitor.visitChildren(AbstractParseTreeVisitor.java:46)
	at de.letsbuildacompiler.parser.DemoBaseVisitor.visitFuncCallExpression(DemoBaseVisitor.java:160)
	at de.letsbuildacompiler.parser.DemoParser$FuncCallExpressionContext.accept(DemoParser.java:1226)
	at org.antlr.v4.runtime.tree.AbstractParseTreeVisitor.visit(AbstractParseTreeVisitor.java:18)
	at de.letsbuildacompiler.compiler.MyVisitor.visitPrintln(MyVisitor.java:180)
	at de.letsbuildacompiler.compiler.MyVisitor.visitPrintln(MyVisitor.java:1)
	at de.letsbuildacompiler.parser.DemoParser$PrintlnContext.accept(DemoParser.java:2116)
	at org.antlr.v4.runtime.tree.AbstractParseTreeVisitor.visitChildren(AbstractParseTreeVisitor.java:46)
	at de.letsbuildacompiler.parser.DemoBaseVisitor.visitStatement(DemoBaseVisitor.java:76)
	at de.letsbuildacompiler.parser.DemoParser$StatementContext.accept(DemoParser.java:565)
	at org.antlr.v4.runtime.tree.AbstractParseTreeVisitor.visitChildren(AbstractParseTreeVisitor.java:46)
	at de.letsbuildacompiler.parser.DemoBaseVisitor.visitMainStatement(DemoBaseVisitor.java:55)
	at de.letsbuildacompiler.parser.DemoParser$MainStatementContext.accept(DemoParser.java:468)
	at org.antlr.v4.runtime.tree.AbstractParseTreeVisitor.visit(AbstractParseTreeVisitor.java:18)
	at de.letsbuildacompiler.compiler.MyVisitor.visitProgram(MyVisitor.java:1388)
	at de.letsbuildacompiler.compiler.MyVisitor.visitProgram(MyVisitor.java:1)
	at de.letsbuildacompiler.parser.DemoParser$ProgramContext.accept(DemoParser.java:145)
	at org.antlr.v4.runtime.tree.AbstractParseTreeVisitor.visit(AbstractParseTreeVisitor.java:18)
	at de.letsbuildacompiler.compiler.Main.compile(Main.java:60)
	at de.letsbuildacompiler.compiler.Main.run(Main.java:92)
	at test.CompilerTest.compileAndRun(CompilerTest.java:192)
	at test.CompilerTest.assertCodeEqualsExpected(CompilerTest.java:34)
	at sun.reflect.GeneratedMethodAccessor1.invoke(Unknown Source)
	at sun.reflect.DelegatingMethodAccessorImpl.invoke(DelegatingMethodAccessorImpl.java:43)
	at java.lang.reflect.Method.invoke(Method.java:498)
	at org.junit.runners.model.FrameworkMethod$1.runReflectiveCall(FrameworkMethod.java:50)
	at org.junit.internal.runners.model.ReflectiveCallable.run(ReflectiveCallable.java:12)
	at org.junit.runners.model.FrameworkMethod.invokeExplosively(FrameworkMethod.java:47)
	at org.junit.internal.runners.statements.InvokeMethod.evaluate(InvokeMethod.java:17)
	at org.junit.runners.ParentRunner.runLeaf(ParentRunner.java:325)
	at org.junit.runners.BlockJUnit4ClassRunner.runChild(BlockJUnit4ClassRunner.java:78)
	at org.junit.runners.BlockJUnit4ClassRunner.runChild(BlockJUnit4ClassRunner.java:57)
	at org.junit.runners.ParentRunner$3.run(ParentRunner.java:290)
	at org.junit.runners.ParentRunner$1.schedule(ParentRunner.java:71)
	at org.junit.runners.ParentRunner.runChildren(ParentRunner.java:288)
	at org.junit.runners.ParentRunner.access$000(ParentRunner.java:58)
	at org.junit.runners.ParentRunner$2.evaluate(ParentRunner.java:268)
	at org.junit.runners.ParentRunner.run(ParentRunner.java:363)
	at org.junit.runners.Suite.runChild(Suite.java:128)
	at org.junit.runners.Suite.runChild(Suite.java:27)
	at org.junit.runners.ParentRunner$3.run(ParentRunner.java:290)
	at org.junit.runners.ParentRunner$1.schedule(ParentRunner.java:71)
	at org.junit.runners.ParentRunner.runChildren(ParentRunner.java:288)
	at org.junit.runners.ParentRunner.access$000(ParentRunner.java:58)
	at org.junit.runners.ParentRunner$2.evaluate(ParentRunner.java:268)
	at org.junit.runners.ParentRunner.run(ParentRunner.java:363)
	at org.eclipse.jdt.internal.junit4.runner.JUnit4TestReference.run(JUnit4TestReference.java:86)
	at org.eclipse.jdt.internal.junit.runner.TestExecution.run(TestExecution.java:38)
	at org.eclipse.jdt.internal.junit.runner.RemoteTestRunner.runTests(RemoteTestRunner.java:459)
	at org.eclipse.jdt.internal.junit.runner.RemoteTestRunner.runTests(RemoteTestRunner.java:678)
	at org.eclipse.jdt.internal.junit.runner.RemoteTestRunner.run(RemoteTestRunner.java:382)
	at org.eclipse.jdt.internal.junit.runner.RemoteTestRunner.main(RemoteTestRunner.java:192)

</error>
      </testcase>
      <testcase name="compilingCode_throwsUndeclaredVariableExCeption[45]" classname="test.CompilerTest" time="0.0"/>
      <testcase name="compilingCode_throwsDoubledVariableException[45]" classname="test.CompilerTest" time="0.0"/>
      <testcase name="compilingCode_throwsDoubledFunctionException[45]" classname="test.CompilerTest" time="0.0"/>
      <testcase name="compilingCode_throwsUndefinedFunctionException[45]" classname="test.CompilerTest" time="0.0"/>
    </testsuite>
    <testsuite name="[46]" time="0.057">
      <testcase name="assertCodeEqualsExpected[46]" classname="test.CompilerTest" time="0.055"/>
      <testcase name="compilingCode_throwsUndeclaredVariableExCeption[46]" classname="test.CompilerTest" time="0.001"/>
      <testcase name="compilingCode_throwsDoubledVariableException[46]" classname="test.CompilerTest" time="0.0"/>
      <testcase name="compilingCode_throwsDoubledFunctionException[46]" classname="test.CompilerTest" time="0.001"/>
      <testcase name="compilingCode_throwsUndefinedFunctionException[46]" classname="test.CompilerTest" time="0.0"/>
    </testsuite>
    <testsuite name="[47]" time="0.057">
      <testcase name="assertCodeEqualsExpected[47]" classname="test.CompilerTest" time="0.055"/>
      <testcase name="compilingCode_throwsUndeclaredVariableExCeption[47]" classname="test.CompilerTest" time="0.001"/>
      <testcase name="compilingCode_throwsDoubledVariableException[47]" classname="test.CompilerTest" time="0.0"/>
      <testcase name="compilingCode_throwsDoubledFunctionException[47]" classname="test.CompilerTest" time="0.0"/>
      <testcase name="compilingCode_throwsUndefinedFunctionException[47]" classname="test.CompilerTest" time="0.001"/>
    </testsuite>
    <testsuite name="[48]" time="0.062">
      <testcase name="assertCodeEqualsExpected[48]" classname="test.CompilerTest" time="0.06"/>
      <testcase name="compilingCode_throwsUndeclaredVariableExCeption[48]" classname="test.CompilerTest" time="0.001"/>
      <testcase name="compilingCode_throwsDoubledVariableException[48]" classname="test.CompilerTest" time="0.0"/>
      <testcase name="compilingCode_throwsDoubledFunctionException[48]" classname="test.CompilerTest" time="0.0"/>
      <testcase name="compilingCode_throwsUndefinedFunctionException[48]" classname="test.CompilerTest" time="0.001"/>
    </testsuite>
    <testsuite name="[49]" time="0.06">
      <testcase name="assertCodeEqualsExpected[49]" classname="test.CompilerTest" time="0.058"/>
      <testcase name="compilingCode_throwsUndeclaredVariableExCeption[49]" classname="test.CompilerTest" time="0.001"/>
      <testcase name="compilingCode_throwsDoubledVariableException[49]" classname="test.CompilerTest" time="0.0"/>
      <testcase name="compilingCode_throwsDoubledFunctionException[49]" classname="test.CompilerTest" time="0.001"/>
      <testcase name="compilingCode_throwsUndefinedFunctionException[49]" classname="test.CompilerTest" time="0.0"/>
    </testsuite>
    <testsuite name="[50]" time="0.058">
      <testcase name="assertCodeEqualsExpected[50]" classname="test.CompilerTest" time="0.056"/>
      <testcase name="compilingCode_throwsUndeclaredVariableExCeption[50]" classname="test.CompilerTest" time="0.0"/>
      <testcase name="compilingCode_throwsDoubledVariableException[50]" classname="test.CompilerTest" time="0.0"/>
      <testcase name="compilingCode_throwsDoubledFunctionException[50]" classname="test.CompilerTest" time="0.001"/>
      <testcase name="compilingCode_throwsUndefinedFunctionException[50]" classname="test.CompilerTest" time="0.001"/>
    </testsuite>
    <testsuite name="[51]" time="0.06">
      <testcase name="assertCodeEqualsExpected[51]" classname="test.CompilerTest" time="0.058"/>
      <testcase name="compilingCode_throwsUndeclaredVariableExCeption[51]" classname="test.CompilerTest" time="0.001"/>
      <testcase name="compilingCode_throwsDoubledVariableException[51]" classname="test.CompilerTest" time="0.0"/>
      <testcase name="compilingCode_throwsDoubledFunctionException[51]" classname="test.CompilerTest" time="0.0"/>
      <testcase name="compilingCode_throwsUndefinedFunctionException[51]" classname="test.CompilerTest" time="0.001"/>
    </testsuite>
    <testsuite name="[52]" time="0.057">
      <testcase name="assertCodeEqualsExpected[52]" classname="test.CompilerTest" time="0.056"/>
      <testcase name="compilingCode_throwsUndeclaredVariableExCeption[52]" classname="test.CompilerTest" time="0.0"/>
      <testcase name="compilingCode_throwsDoubledVariableException[52]" classname="test.CompilerTest" time="0.0"/>
      <testcase name="compilingCode_throwsDoubledFunctionException[52]" classname="test.CompilerTest" time="0.001"/>
      <testcase name="compilingCode_throwsUndefinedFunctionException[52]" classname="test.CompilerTest" time="0.0"/>
    </testsuite>
    <testsuite name="[53]" time="0.061">
      <testcase name="assertCodeEqualsExpected[53]" classname="test.CompilerTest" time="0.059"/>
      <testcase name="compilingCode_throwsUndeclaredVariableExCeption[53]" classname="test.CompilerTest" time="0.0"/>
      <testcase name="compilingCode_throwsDoubledVariableException[53]" classname="test.CompilerTest" time="0.001"/>
      <testcase name="compilingCode_throwsDoubledFunctionException[53]" classname="test.CompilerTest" time="0.0"/>
      <testcase name="compilingCode_throwsUndefinedFunctionException[53]" classname="test.CompilerTest" time="0.001"/>
    </testsuite>
    <testsuite name="[54]" time="0.062">
      <testcase name="assertCodeEqualsExpected[54]" classname="test.CompilerTest" time="0.061"/>
      <testcase name="compilingCode_throwsUndeclaredVariableExCeption[54]" classname="test.CompilerTest" time="0.0"/>
      <testcase name="compilingCode_throwsDoubledVariableException[54]" classname="test.CompilerTest" time="0.0"/>
      <testcase name="compilingCode_throwsDoubledFunctionException[54]" classname="test.CompilerTest" time="0.001"/>
      <testcase name="compilingCode_throwsUndefinedFunctionException[54]" classname="test.CompilerTest" time="0.0"/>
    </testsuite>
    <testsuite name="[55]" time="0.059">
      <testcase name="assertCodeEqualsExpected[55]" classname="test.CompilerTest" time="0.057"/>
      <testcase name="compilingCode_throwsUndeclaredVariableExCeption[55]" classname="test.CompilerTest" time="0.001"/>
      <testcase name="compilingCode_throwsDoubledVariableException[55]" classname="test.CompilerTest" time="0.0"/>
      <testcase name="compilingCode_throwsDoubledFunctionException[55]" classname="test.CompilerTest" time="0.0"/>
      <testcase name="compilingCode_throwsUndefinedFunctionException[55]" classname="test.CompilerTest" time="0.001"/>
    </testsuite>
    <testsuite name="[56]" time="0.056">
      <testcase name="assertCodeEqualsExpected[56]" classname="test.CompilerTest" time="0.055"/>
      <testcase name="compilingCode_throwsUndeclaredVariableExCeption[56]" classname="test.CompilerTest" time="0.0"/>
      <testcase name="compilingCode_throwsDoubledVariableException[56]" classname="test.CompilerTest" time="0.001"/>
      <testcase name="compilingCode_throwsDoubledFunctionException[56]" classname="test.CompilerTest" time="0.0"/>
      <testcase name="compilingCode_throwsUndefinedFunctionException[56]" classname="test.CompilerTest" time="0.0"/>
    </testsuite>
    <testsuite name="[57]" time="0.061">
      <testcase name="assertCodeEqualsExpected[57]" classname="test.CompilerTest" time="0.06"/>
      <testcase name="compilingCode_throwsUndeclaredVariableExCeption[57]" classname="test.CompilerTest" time="0.0"/>
      <testcase name="compilingCode_throwsDoubledVariableException[57]" classname="test.CompilerTest" time="0.001"/>
      <testcase name="compilingCode_throwsDoubledFunctionException[57]" classname="test.CompilerTest" time="0.0"/>
      <testcase name="compilingCode_throwsUndefinedFunctionException[57]" classname="test.CompilerTest" time="0.0"/>
    </testsuite>
    <testsuite name="[58]" time="0.004">
      <testcase name="assertCodeEqualsExpected[58]" classname="test.CompilerTest" time="0.002">
        <error>de.letsbuildacompiler.exceptions.UndefinedFunctionException: 3:10 undeclared function &lt;next(int, int)&gt;
	at de.letsbuildacompiler.compiler.MyVisitor.visitFunctionCall(MyVisitor.java:1187)
	at de.letsbuildacompiler.compiler.MyVisitor.visitFunctionCall(MyVisitor.java:1)
	at de.letsbuildacompiler.parser.DemoParser$FunctionCallContext.accept(DemoParser.java:2549)
	at org.antlr.v4.runtime.tree.AbstractParseTreeVisitor.visitChildren(AbstractParseTreeVisitor.java:46)
	at de.letsbuildacompiler.parser.DemoBaseVisitor.visitFuncCallExpression(DemoBaseVisitor.java:160)
	at de.letsbuildacompiler.parser.DemoParser$FuncCallExpressionContext.accept(DemoParser.java:1226)
	at org.antlr.v4.runtime.tree.AbstractParseTreeVisitor.visit(AbstractParseTreeVisitor.java:18)
	at de.letsbuildacompiler.compiler.MyVisitor.visitVarDeclaration(MyVisitor.java:694)
	at de.letsbuildacompiler.compiler.MyVisitor.visitVarDeclaration(MyVisitor.java:1)
	at de.letsbuildacompiler.parser.DemoParser$VarDeclarationContext.accept(DemoParser.java:1836)
	at org.antlr.v4.runtime.tree.AbstractParseTreeVisitor.visitChildren(AbstractParseTreeVisitor.java:46)
	at de.letsbuildacompiler.parser.DemoBaseVisitor.visitStatement(DemoBaseVisitor.java:76)
	at de.letsbuildacompiler.parser.DemoParser$StatementContext.accept(DemoParser.java:565)
	at org.antlr.v4.runtime.tree.AbstractParseTreeVisitor.visitChildren(AbstractParseTreeVisitor.java:46)
	at de.letsbuildacompiler.parser.DemoBaseVisitor.visitStatementList(DemoBaseVisitor.java:377)
	at de.letsbuildacompiler.parser.DemoParser$StatementListContext.accept(DemoParser.java:2452)
	at org.antlr.v4.runtime.tree.AbstractParseTreeVisitor.visit(AbstractParseTreeVisitor.java:18)
	at de.letsbuildacompiler.compiler.MyVisitor.visitFunctionDefinition(MyVisitor.java:1281)
	at de.letsbuildacompiler.compiler.MyVisitor.visitFunctionDefinition(MyVisitor.java:1)
	at de.letsbuildacompiler.parser.DemoParser$FunctionDefinitionContext.accept(DemoParser.java:2212)
	at org.antlr.v4.runtime.tree.AbstractParseTreeVisitor.visitChildren(AbstractParseTreeVisitor.java:46)
	at de.letsbuildacompiler.parser.DemoBaseVisitor.visitProgPartFunctionDefinition(DemoBaseVisitor.java:62)
	at de.letsbuildacompiler.parser.DemoParser$ProgPartFunctionDefinitionContext.accept(DemoParser.java:479)
	at org.antlr.v4.runtime.tree.AbstractParseTreeVisitor.visit(AbstractParseTreeVisitor.java:18)
	at de.letsbuildacompiler.compiler.MyVisitor.visitProgram(MyVisitor.java:1388)
	at de.letsbuildacompiler.compiler.MyVisitor.visitProgram(MyVisitor.java:1)
	at de.letsbuildacompiler.parser.DemoParser$ProgramContext.accept(DemoParser.java:145)
	at org.antlr.v4.runtime.tree.AbstractParseTreeVisitor.visit(AbstractParseTreeVisitor.java:18)
	at de.letsbuildacompiler.compiler.Main.compile(Main.java:60)
	at de.letsbuildacompiler.compiler.Main.run(Main.java:92)
	at test.CompilerTest.compileAndRun(CompilerTest.java:192)
	at test.CompilerTest.assertCodeEqualsExpected(CompilerTest.java:34)
	at sun.reflect.GeneratedMethodAccessor1.invoke(Unknown Source)
	at sun.reflect.DelegatingMethodAccessorImpl.invoke(DelegatingMethodAccessorImpl.java:43)
	at java.lang.reflect.Method.invoke(Method.java:498)
	at org.junit.runners.model.FrameworkMethod$1.runReflectiveCall(FrameworkMethod.java:50)
	at org.junit.internal.runners.model.ReflectiveCallable.run(ReflectiveCallable.java:12)
	at org.junit.runners.model.FrameworkMethod.invokeExplosively(FrameworkMethod.java:47)
	at org.junit.internal.runners.statements.InvokeMethod.evaluate(InvokeMethod.java:17)
	at org.junit.runners.ParentRunner.runLeaf(ParentRunner.java:325)
	at org.junit.runners.BlockJUnit4ClassRunner.runChild(BlockJUnit4ClassRunner.java:78)
	at org.junit.runners.BlockJUnit4ClassRunner.runChild(BlockJUnit4ClassRunner.java:57)
	at org.junit.runners.ParentRunner$3.run(ParentRunner.java:290)
	at org.junit.runners.ParentRunner$1.schedule(ParentRunner.java:71)
	at org.junit.runners.ParentRunner.runChildren(ParentRunner.java:288)
	at org.junit.runners.ParentRunner.access$000(ParentRunner.java:58)
	at org.junit.runners.ParentRunner$2.evaluate(ParentRunner.java:268)
	at org.junit.runners.ParentRunner.run(ParentRunner.java:363)
	at org.junit.runners.Suite.runChild(Suite.java:128)
	at org.junit.runners.Suite.runChild(Suite.java:27)
	at org.junit.runners.ParentRunner$3.run(ParentRunner.java:290)
	at org.junit.runners.ParentRunner$1.schedule(ParentRunner.java:71)
	at org.junit.runners.ParentRunner.runChildren(ParentRunner.java:288)
	at org.junit.runners.ParentRunner.access$000(ParentRunner.java:58)
	at org.junit.runners.ParentRunner$2.evaluate(ParentRunner.java:268)
	at org.junit.runners.ParentRunner.run(ParentRunner.java:363)
	at org.eclipse.jdt.internal.junit4.runner.JUnit4TestReference.run(JUnit4TestReference.java:86)
	at org.eclipse.jdt.internal.junit.runner.TestExecution.run(TestExecution.java:38)
	at org.eclipse.jdt.internal.junit.runner.RemoteTestRunner.runTests(RemoteTestRunner.java:459)
	at org.eclipse.jdt.internal.junit.runner.RemoteTestRunner.runTests(RemoteTestRunner.java:678)
	at org.eclipse.jdt.internal.junit.runner.RemoteTestRunner.run(RemoteTestRunner.java:382)
	at org.eclipse.jdt.internal.junit.runner.RemoteTestRunner.main(RemoteTestRunner.java:192)

</error>
      </testcase>
      <testcase name="compilingCode_throwsUndeclaredVariableExCeption[58]" classname="test.CompilerTest" time="0.0"/>
      <testcase name="compilingCode_throwsDoubledVariableException[58]" classname="test.CompilerTest" time="0.001"/>
      <testcase name="compilingCode_throwsDoubledFunctionException[58]" classname="test.CompilerTest" time="0.0"/>
      <testcase name="compilingCode_throwsUndefinedFunctionException[58]" classname="test.CompilerTest" time="0.001"/>
    </testsuite>
  </testsuite>
</testrun>
